[2016-12-13 18:39:29] START
[2016-12-13 18:46:53] CREATE basics.py: 0
[2016-12-13 18:49:56] EDIT edsdevsite01/controllers/basics.py: 4
[2016-12-13 18:51:47] CREATE basics/helloworld.html: 0
[2016-12-13 18:54:22] EDIT edsdevsite01/views/basics/helloworld.html: 2
[2016-12-13 18:57:52] EDIT edsdevsite01/views/basics/helloworld.html: 3
[2016-12-13 19:21:07] EDIT edsdevsite01/controllers/basics.py: 5
[2016-12-13 19:22:09] CREATE basics/request.args: 0
[2016-12-13 19:22:38] DELETE edsdevsite01/views/basics/request.args: 0
[2016-12-13 19:22:57] CREATE basics/request_args.html: 0
[2016-12-13 19:24:55] EDIT edsdevsite01/views/basics/request_args.html: 2
[2016-12-13 19:33:01] EDIT edsdevsite01/controllers/basics.py: 9
[2016-12-13 19:34:16] CREATE basics/request_vars.html: 0
[2016-12-13 19:38:54] EDIT edsdevsite01/views/basics/request_vars.html: 7
[2016-12-13 19:44:51] EDIT edsdevsite01/controllers/basics.py: 10
[2016-12-13 19:45:12] CREATE basic/request_object.html: 0
[2016-12-13 19:49:45] EDIT edsdevsite01/views/basic/request_object.html: 9
[2016-12-13 19:58:56] EDIT edsdevsite01/controllers/basics.py: 1
[2016-12-13 19:59:10] EDIT edsdevsite01/controllers/basics.py: 0
[2016-12-13 20:27:50] EDIT edsdevsite01/controllers/basics.py: 12
[2016-12-13 20:28:34] CREATE basics/random_number.html: 0
[2016-12-13 20:30:08] EDIT edsdevsite01/views/basics/random_number.html: 5
[2016-12-13 20:31:05] EDIT edsdevsite01/views/basics/random_number.html: 0
[2016-12-15 13:37:03] EDIT edsdevsite01/models/db.py: 8
[2016-12-15 13:37:49] EDIT edsdevsite01/models/db.py: 0
[2016-12-15 13:38:11] EDIT edsdevsite01/models/db.py: 0
[2016-12-15 13:38:29] EDIT edsdevsite01/models/db.py: 0
[2016-12-15 13:48:34] EDIT edsdevsite01/models/db.py: 0
[2016-12-15 14:13:30] CREATE blog.py: 0
[2016-12-15 14:16:11] EDIT edsdevsite01/controllers/blog.py: 6
[2016-12-15 14:17:20] CREATE blog/post.html: 0
[2016-12-15 14:18:34] EDIT edsdevsite01/views/blog/post.html: 0
[2016-12-15 14:20:10] EDIT edsdevsite01/views/blog/post.html: 0
[2016-12-15 14:21:54] EDIT edsdevsite01/views/blog/post.html: 0
[2016-12-15 14:23:26] EDIT edsdevsite01/controllers/blog.py: 0
[2016-12-15 14:26:00] EDIT edsdevsite01/models/db.py: 0
[2016-12-15 14:30:07] EDIT edsdevsite01/views/blog/post.html: -1
[2016-12-15 14:32:00] EDIT edsdevsite01/controllers/blog.py: 0
[2016-12-15 14:42:03] DELETE edsdevsite01/views/blog/post.html: -2
[2016-12-15 14:44:25] EDIT edsdevsite01/models/db.py: 0
[2016-12-15 14:45:06] EDIT edsdevsite01/models/db.py: 0
[2016-12-15 14:50:32] EDIT edsdevsite01/controllers/blog.py: 0
[2016-12-15 14:51:04] CREATE blog/post.html: 0
[2016-12-15 14:54:39] EDIT edsdevsite01/controllers/blog.py: 0
[2016-12-15 14:55:09] EDIT edsdevsite01/views/blog/post.html: 0
[2016-12-15 14:58:38] EDIT edsdevsite01/views/blog/post.html: -1
[2016-12-15 15:05:54] EDIT edsdevsite01/views/blog/post.html: 1
[2016-12-15 15:20:59] EDIT edsdevsite01/models/db.py: 0
[2016-12-15 15:25:22] EDIT edsdevsite01/controllers/blog.py: 0
[2016-12-15 15:33:27] EDIT edsdevsite01/controllers/blog.py: 10
[2016-12-15 15:53:29] EDIT edsdevsite01/controllers/blog.py: 8
[2016-12-15 15:57:08] CREATE blog/update.html: 0
[2016-12-15 15:58:05] EDIT edsdevsite01/views/blog/update.html: 0
[2016-12-15 16:08:13] EDIT edsdevsite01/controllers/blog.py: 0
[2016-12-15 16:12:18] CREATE blog/view.html: 0
[2016-12-15 16:20:41] EDIT edsdevsite01/views/blog/view.html: 15
[2016-12-15 16:29:14] EDIT edsdevsite01/controllers/blog.py: 0
[2016-12-15 16:30:06] EDIT edsdevsite01/controllers/blog.py: 0
[2016-12-15 20:19:26] EDIT edsdevsite01/models/db.py: 14
[2016-12-15 21:18:43] CREATE contacts.py: 0
[2016-12-15 21:19:44] EDIT edsdevsite01/controllers/contacts.py: 3
[2016-12-15 21:23:18] EDIT edsdevsite01/controllers/contacts.py: 0
[2016-12-15 22:07:55] EDIT edsdevsite01/views/blog/view.html: 1
[2016-12-15 22:08:17] EDIT edsdevsite01/views/blog/view.html: -1
[2016-12-15 22:22:00] EDIT edsdevsite01/views/blog/view.html: 3
[2016-12-15 22:22:56] EDIT edsdevsite01/views/blog/view.html: 0
[2016-12-15 22:28:33] EDIT edsdevsite01/controllers/blog.py: 0
